\BOOKMARK [0][-]{chapter.1}{\376\377\000I\000n\000s\000t\000a\000l\000l\000a\000t\000i\000o\000n}{}% 1
\BOOKMARK [0][-]{chapter.2}{\376\377\000T\000u\000t\000o\000r\000i\000a\000l\000s}{}% 2
\BOOKMARK [1][-]{section.2.1}{\376\377\000Q\000u\000i\000c\000k\000\040\000S\000t\000a\000r\000t\000\040\000G\000u\000i\000d\000e}{chapter.2}% 3
\BOOKMARK [2][-]{subsection.2.1.1}{\376\377\000R\000u\000n\000n\000i\000n\000g\000\040\000t\000h\000e\000\040\000S\000i\000m\000u\000l\000a\000t\000i\000o\000n}{section.2.1}% 4
\BOOKMARK [2][-]{subsection.2.1.2}{\376\377\000I\000n\000t\000e\000r\000p\000r\000e\000t\000i\000n\000g\000\040\000t\000h\000e\000\040\000R\000e\000s\000u\000l\000t\000s}{section.2.1}% 5
\BOOKMARK [1][-]{section.2.2}{\376\377\000P\000r\000e\000p\000a\000r\000i\000n\000g\000\040\000C\000r\000o\000s\000s\000\040\000S\000e\000c\000t\000i\000o\000n\000s}{chapter.2}% 6
\BOOKMARK [2][-]{subsection.2.2.1}{\376\377\000I\000n\000i\000t\000i\000a\000l\000i\000z\000i\000n\000g\000\040\000t\000h\000e\000\040\000C\000r\000o\000s\000s\000S\000e\000c\000t\000i\000o\000n\000s\000\040\000O\000b\000j\000e\000c\000t}{section.2.2}% 7
\BOOKMARK [2][-]{subsection.2.2.2}{\376\377\000V\000i\000e\000w\000i\000n\000g\000\040\000Y\000o\000u\000r\000\040\000C\000r\000o\000s\000s\000\040\000S\000e\000c\000t\000i\000o\000n\000s}{section.2.2}% 8
\BOOKMARK [2][-]{subsection.2.2.3}{\376\377\000A\000t\000t\000a\000c\000h\000i\000n\000g\000\040\000t\000h\000e\000\040\000C\000r\000o\000s\000s\000S\000e\000c\000t\000i\000o\000n\000s\000\040\000O\000b\000j\000e\000c\000t}{section.2.2}% 9
\BOOKMARK [1][-]{section.2.3}{\376\377\000R\000u\000n\000n\000i\000n\000g\000\040\000M\000u\000l\000t\000i\000p\000l\000e\000\040\000C\000a\000l\000c\000u\000l\000a\000t\000i\000o\000n\000s}{chapter.2}% 10
\BOOKMARK [2][-]{subsection.2.3.1}{\376\377\000I\000n\000\040\000S\000e\000q\000u\000e\000n\000c\000e}{section.2.3}% 11
\BOOKMARK [2][-]{subsection.2.3.2}{\376\377\000I\000n\000\040\000P\000a\000r\000a\000l\000l\000e\000l}{section.2.3}% 12
\BOOKMARK [2][-]{subsection.2.3.3}{\376\377\000W\000i\000t\000h\000\040\000a\000\040\000J\000o\000b\000\040\000M\000a\000n\000a\000g\000e\000r}{section.2.3}% 13
\BOOKMARK [1][-]{section.2.4}{\376\377\000E\000x\000t\000r\000a\000c\000t\000i\000n\000g\000\040\000R\000e\000s\000u\000l\000t\000s}{chapter.2}% 14
\BOOKMARK [2][-]{subsection.2.4.1}{\376\377\000R\000e\000a\000d\000i\000n\000g\000\040\000a\000\040\000S\000i\000n\000g\000l\000e\000\040\000C\000a\000l\000c\000u\000l\000a\000t\000i\000o\000n}{section.2.4}% 15
\BOOKMARK [2][-]{subsection.2.4.2}{\376\377\000R\000e\000a\000d\000i\000n\000g\000\040\000M\000a\000n\000y\000\040\000C\000a\000l\000c\000u\000l\000a\000t\000i\000o\000n\000s}{section.2.4}% 16
\BOOKMARK [2][-]{subsection.2.4.3}{\376\377\000A\000c\000c\000e\000s\000s\000i\000n\000g\000\040\000D\000a\000t\000a}{section.2.4}% 17
\BOOKMARK [2][-]{subsection.2.4.4}{\376\377\000E\000x\000p\000o\000r\000t\000i\000n\000g\000\040\000D\000a\000t\000a}{section.2.4}% 18
\BOOKMARK [2][-]{subsection.2.4.5}{\376\377\000P\000l\000o\000t\000t\000i\000n\000g\000\040\000R\000e\000s\000u\000l\000t\000s}{section.2.4}% 19
\BOOKMARK [0][-]{chapter.3}{\376\377\000B\000e\000n\000c\000h\000m\000a\000r\000k\000\040\000T\000e\000s\000t\000i\000n\000g}{}% 20
\BOOKMARK [1][-]{section.3.1}{\376\377\000B\000e\000n\000c\000h\000m\000a\000r\000k\000\040\000T\000e\000s\000t\000i\000n\000g}{chapter.3}% 21
\BOOKMARK [2][-]{subsection.3.1.1}{\376\377\000O\000n\000s\000a\000g\000e\000r\000\040\000R\000e\000l\000a\000t\000i\000o\000n}{section.3.1}% 22
\BOOKMARK [2][-]{subsection.3.1.2}{\376\377\000I\000k\000u\000t\000a\000-\000S\000u\000g\000a\000i}{section.3.1}% 23
\BOOKMARK [2][-]{subsection.3.1.3}{\376\377\000H\000e\000\040\000T\000r\000a\000n\000s\000p\000o\000r\000t}{section.3.1}% 24
\BOOKMARK [0][-]{chapter.4}{\376\377\000S\000i\000m\000u\000l\000a\000t\000i\000o\000n\000\040\000P\000a\000r\000a\000m\000e\000t\000e\000r\000s}{}% 25
\BOOKMARK [1][-]{section.4.1}{\376\377\000S\000i\000m\000u\000l\000a\000t\000i\000o\000n\000\040\000P\000a\000r\000a\000m\000e\000t\000e\000r\000s}{chapter.4}% 26
\BOOKMARK [2][-]{subsection.4.1.1}{\376\377\000I\000n\000p\000u\000t\000\040\000P\000a\000r\000a\000m\000e\000t\000e\000r\000s}{section.4.1}% 27
\BOOKMARK [3][-]{subsubsection*.5}{\376\377\000p\000y\000t\000b\000.\000p\000a\000r\000a\000m\000e\000t\000e\000r\000s\000.\000T\000B\000P\000a\000r\000a\000m\000e\000t\000e\000r\000s}{subsection.4.1.1}% 28
\BOOKMARK [4][-]{paragraph*.7}{\376\377\000p\000y\000t\000b\000.\000p\000a\000r\000a\000m\000e\000t\000e\000r\000s\000.\000T\000B\000P\000a\000r\000a\000m\000e\000t\000e\000r\000s\000.\000g\000e\000t\000\137\000p\000a\000r\000a\000m\000s}{subsubsection*.5}% 29
\BOOKMARK [3][-]{subsubsection*.9}{\376\377\000p\000y\000t\000b\000.\000p\000a\000r\000a\000m\000e\000t\000e\000r\000s\000.\000W\000r\000a\000p\000P\000a\000r\000a\000m\000e\000t\000e\000r\000s}{subsection.4.1.1}% 30
\BOOKMARK [4][-]{paragraph*.11}{\376\377\000p\000y\000t\000b\000.\000p\000a\000r\000a\000m\000e\000t\000e\000r\000s\000.\000W\000r\000a\000p\000P\000a\000r\000a\000m\000e\000t\000e\000r\000s\000.\000g\000e\000t\000\137\000p\000a\000r\000a\000m\000s}{subsubsection*.9}% 31
\BOOKMARK [2][-]{subsection.4.1.2}{\376\377\000O\000u\000t\000p\000u\000t\000\040\000P\000a\000r\000a\000m\000e\000t\000e\000r\000s}{section.4.1}% 32
\BOOKMARK [3][-]{subsubsection*.13}{\376\377\000p\000y\000t\000b\000.\000p\000a\000r\000a\000m\000e\000t\000e\000r\000s\000.\000O\000u\000t\000p\000u\000t\000P\000a\000r\000a\000m\000e\000t\000e\000r\000s}{subsection.4.1.2}% 33
\BOOKMARK [4][-]{paragraph*.15}{\376\377\000p\000y\000t\000b\000.\000p\000a\000r\000a\000m\000e\000t\000e\000r\000s\000.\000O\000u\000t\000p\000u\000t\000P\000a\000r\000a\000m\000e\000t\000e\000r\000s\000.\000g\000e\000t\000\137\000p\000a\000r\000a\000m\000s}{subsubsection*.13}% 34
\BOOKMARK [3][-]{subsubsection*.17}{\376\377\000p\000y\000t\000b\000.\000p\000a\000r\000a\000m\000e\000t\000e\000r\000s\000.\000P\000a\000r\000t\000i\000c\000l\000e\000P\000a\000r\000a\000m\000e\000t\000e\000r\000s}{subsection.4.1.2}% 35
\BOOKMARK [4][-]{paragraph*.19}{\376\377\000p\000y\000t\000b\000.\000p\000a\000r\000a\000m\000e\000t\000e\000r\000s\000.\000P\000a\000r\000t\000i\000c\000l\000e\000P\000a\000r\000a\000m\000e\000t\000e\000r\000s\000.\000g\000e\000t\000\137\000p\000a\000r\000a\000m\000s}{subsubsection*.17}% 36
\BOOKMARK [2][-]{subsection.4.1.3}{\376\377\000E\000l\000e\000c\000t\000r\000o\000n\000\040\000G\000r\000o\000w\000t\000h\000\040\000a\000n\000d\000\040\000M\000e\000m\000o\000r\000y\000\040\000M\000a\000n\000a\000g\000e\000m\000e\000n\000t}{section.4.1}% 37
\BOOKMARK [0][-]{chapter.5}{\376\377\000A\000P\000I\000\040\000R\000e\000f\000e\000r\000e\000n\000c\000e}{}% 38
\BOOKMARK [1][-]{section.5.1}{\376\377\000A\000P\000I\000\040\000R\000e\000f\000e\000r\000e\000n\000c\000e}{chapter.5}% 39
\BOOKMARK [2][-]{subsection.5.1.1}{\376\377\000p\000y\000t\000b\000.\000T\000h\000u\000n\000d\000e\000r\000B\000o\000l\000t\000z}{section.5.1}% 40
\BOOKMARK [3][-]{subsubsection*.22}{\376\377\000p\000y\000t\000b\000.\000T\000h\000u\000n\000d\000e\000r\000B\000o\000l\000t\000z\000.\000a\000d\000d\000\137\000c\000a\000l\000l\000b\000a\000c\000k}{subsection.5.1.1}% 41
\BOOKMARK [3][-]{subsubsection*.24}{\376\377\000p\000y\000t\000b\000.\000T\000h\000u\000n\000d\000e\000r\000B\000o\000l\000t\000z\000.\000c\000o\000m\000p\000i\000l\000e\000\137\000d\000e\000b\000u\000g}{subsection.5.1.1}% 42
\BOOKMARK [3][-]{subsubsection*.26}{\376\377\000p\000y\000t\000b\000.\000T\000h\000u\000n\000d\000e\000r\000B\000o\000l\000t\000z\000.\000c\000o\000m\000p\000i\000l\000e\000\137\000f\000r\000o\000m}{subsection.5.1.1}% 43
\BOOKMARK [3][-]{subsubsection*.28}{\376\377\000p\000y\000t\000b\000.\000T\000h\000u\000n\000d\000e\000r\000B\000o\000l\000t\000z\000.\000d\000e\000s\000c\000r\000i\000b\000e\000\137\000d\000i\000s\000t}{subsection.5.1.1}% 44
\BOOKMARK [3][-]{subsubsection*.30}{\376\377\000p\000y\000t\000b\000.\000T\000h\000u\000n\000d\000e\000r\000B\000o\000l\000t\000z\000.\000g\000e\000t\000\137\000d\000i\000r\000e\000c\000t\000o\000r\000y}{subsection.5.1.1}% 45
\BOOKMARK [3][-]{subsubsection*.32}{\376\377\000p\000y\000t\000b\000.\000T\000h\000u\000n\000d\000e\000r\000B\000o\000l\000t\000z\000.\000g\000e\000t\000\137\000e\000d\000f\000s}{subsection.5.1.1}% 46
\BOOKMARK [3][-]{subsubsection*.34}{\376\377\000p\000y\000t\000b\000.\000T\000h\000u\000n\000d\000e\000r\000B\000o\000l\000t\000z\000.\000g\000e\000t\000\137\000e\000t\000r\000a\000n\000s}{subsection.5.1.1}% 47
\BOOKMARK [3][-]{subsubsection*.36}{\376\377\000p\000y\000t\000b\000.\000T\000h\000u\000n\000d\000e\000r\000B\000o\000l\000t\000z\000.\000g\000e\000t\000\137\000p\000a\000r\000t\000i\000c\000l\000e\000\137\000t\000a\000b\000l\000e\000s}{subsection.5.1.1}% 48
\BOOKMARK [3][-]{subsubsection*.38}{\376\377\000p\000y\000t\000b\000.\000T\000h\000u\000n\000d\000e\000r\000B\000o\000l\000t\000z\000.\000g\000e\000t\000\137\000s\000i\000m\000\137\000p\000a\000r\000a\000m}{subsection.5.1.1}% 49
\BOOKMARK [3][-]{subsubsection*.40}{\376\377\000p\000y\000t\000b\000.\000T\000h\000u\000n\000d\000e\000r\000B\000o\000l\000t\000z\000.\000g\000e\000t\000\137\000s\000s\000\137\000p\000a\000r\000a\000m\000s}{subsection.5.1.1}% 50
\BOOKMARK [3][-]{subsubsection*.42}{\376\377\000p\000y\000t\000b\000.\000T\000h\000u\000n\000d\000e\000r\000B\000o\000l\000t\000z\000.\000g\000e\000t\000\137\000t\000i\000m\000e\000s\000e\000r\000i\000e\000s}{subsection.5.1.1}% 51
\BOOKMARK [3][-]{subsubsection*.44}{\376\377\000p\000y\000t\000b\000.\000T\000h\000u\000n\000d\000e\000r\000B\000o\000l\000t\000z\000.\000g\000e\000t\000\137\000v\000d\000f\000s}{subsection.5.1.1}% 52
\BOOKMARK [3][-]{subsubsection*.46}{\376\377\000p\000y\000t\000b\000.\000T\000h\000u\000n\000d\000e\000r\000B\000o\000l\000t\000z\000.\000p\000l\000o\000t\000\137\000c\000s}{subsection.5.1.1}% 53
\BOOKMARK [3][-]{subsubsection*.48}{\376\377\000p\000y\000t\000b\000.\000T\000h\000u\000n\000d\000e\000r\000B\000o\000l\000t\000z\000.\000p\000l\000o\000t\000\137\000e\000d\000f\000\137\000c\000o\000m\000p\000s}{subsection.5.1.1}% 54
\BOOKMARK [3][-]{subsubsection*.50}{\376\377\000p\000y\000t\000b\000.\000T\000h\000u\000n\000d\000e\000r\000B\000o\000l\000t\000z\000.\000p\000l\000o\000t\000\137\000e\000d\000f\000s}{subsection.5.1.1}% 55
\BOOKMARK [3][-]{subsubsection*.52}{\376\377\000p\000y\000t\000b\000.\000T\000h\000u\000n\000d\000e\000r\000B\000o\000l\000t\000z\000.\000p\000l\000o\000t\000\137\000r\000a\000t\000e\000s}{subsection.5.1.1}% 56
\BOOKMARK [3][-]{subsubsection*.54}{\376\377\000p\000y\000t\000b\000.\000T\000h\000u\000n\000d\000e\000r\000B\000o\000l\000t\000z\000.\000p\000l\000o\000t\000\137\000t\000i\000m\000e\000s\000e\000r\000i\000e\000s}{subsection.5.1.1}% 57
\BOOKMARK [3][-]{subsubsection*.56}{\376\377\000p\000y\000t\000b\000.\000T\000h\000u\000n\000d\000e\000r\000B\000o\000l\000t\000z\000.\000p\000l\000o\000t\000\137\000v\000d\000f\000s}{subsection.5.1.1}% 58
\BOOKMARK [3][-]{subsubsection*.58}{\376\377\000p\000y\000t\000b\000.\000T\000h\000u\000n\000d\000e\000r\000B\000o\000l\000t\000z\000.\000r\000e\000a\000d}{subsection.5.1.1}% 59
\BOOKMARK [3][-]{subsubsection*.60}{\376\377\000p\000y\000t\000b\000.\000T\000h\000u\000n\000d\000e\000r\000B\000o\000l\000t\000z\000.\000r\000e\000a\000d\000\137\000l\000o\000g}{subsection.5.1.1}% 60
\BOOKMARK [3][-]{subsubsection*.62}{\376\377\000p\000y\000t\000b\000.\000T\000h\000u\000n\000d\000e\000r\000B\000o\000l\000t\000z\000.\000r\000e\000a\000d\000\137\000p\000a\000r\000t\000i\000c\000l\000e\000\137\000t\000a\000b\000l\000e}{subsection.5.1.1}% 61
\BOOKMARK [3][-]{subsubsection*.64}{\376\377\000p\000y\000t\000b\000.\000T\000h\000u\000n\000d\000e\000r\000B\000o\000l\000t\000z\000.\000r\000e\000a\000d\000\137\000s\000t\000d\000o\000u\000t}{subsection.5.1.1}% 62
\BOOKMARK [3][-]{subsubsection*.66}{\376\377\000p\000y\000t\000b\000.\000T\000h\000u\000n\000d\000e\000r\000B\000o\000l\000t\000z\000.\000r\000e\000a\000d\000\137\000t\000b\000\137\000p\000a\000r\000a\000m\000s}{subsection.5.1.1}% 63
\BOOKMARK [3][-]{subsubsection*.68}{\376\377\000p\000y\000t\000b\000.\000T\000h\000u\000n\000d\000e\000r\000B\000o\000l\000t\000z\000.\000r\000e\000s\000e\000t}{subsection.5.1.1}% 64
\BOOKMARK [3][-]{subsubsection*.70}{\376\377\000p\000y\000t\000b\000.\000T\000h\000u\000n\000d\000e\000r\000B\000o\000l\000t\000z\000.\000r\000u\000n}{subsection.5.1.1}% 65
\BOOKMARK [3][-]{subsubsection*.72}{\376\377\000p\000y\000t\000b\000.\000T\000h\000u\000n\000d\000e\000r\000B\000o\000l\000t\000z\000.\000s\000e\000t\000\137}{subsection.5.1.1}% 66
\BOOKMARK [3][-]{subsubsection*.74}{\376\377\000p\000y\000t\000b\000.\000T\000h\000u\000n\000d\000e\000r\000B\000o\000l\000t\000z\000.\000s\000e\000t\000\137\000f\000i\000x\000e\000d\000\137\000t\000r\000a\000c\000k\000i\000n\000g}{subsection.5.1.1}% 67
\BOOKMARK [3][-]{subsubsection*.76}{\376\377\000p\000y\000t\000b\000.\000T\000h\000u\000n\000d\000e\000r\000B\000o\000l\000t\000z\000.\000s\000e\000t\000\137\000t\000s\000\137\000p\000l\000o\000t\000\137\000p\000a\000r\000a\000m\000s}{subsection.5.1.1}% 68
\BOOKMARK [3][-]{subsubsection*.78}{\376\377\000p\000y\000t\000b\000.\000T\000h\000u\000n\000d\000e\000r\000B\000o\000l\000t\000z\000.\000t\000o\000\137\000p\000i\000c\000k\000l\000e\000a\000b\000l\000e}{subsection.5.1.1}% 69
\BOOKMARK [3][-]{subsubsection*.80}{\376\377\000p\000y\000t\000b\000.\000T\000h\000u\000n\000d\000e\000r\000B\000o\000l\000t\000z\000.\000w\000r\000i\000t\000e\000\137\000i\000n\000p\000u\000t}{subsection.5.1.1}% 70
\BOOKMARK [2][-]{subsection.5.1.2}{\376\377\000B\000u\000i\000l\000d\000\040\000f\000r\000o\000m\000\040\000F\000i\000l\000e\000s}{section.5.1}% 71
\BOOKMARK [3][-]{subsubsection*.82}{\376\377\000p\000y\000t\000b\000.\000t\000b\000.\000r\000e\000a\000d}{subsection.5.1.2}% 72
\BOOKMARK [3][-]{subsubsection*.84}{\376\377\000p\000y\000t\000b\000.\000t\000b\000.\000q\000u\000e\000r\000y\000\137\000t\000r\000e\000e}{subsection.5.1.2}% 73
\BOOKMARK [3][-]{subsubsection*.86}{\376\377\000p\000y\000t\000b\000.\000t\000b\000.\000C\000r\000o\000s\000s\000S\000e\000c\000t\000i\000o\000n\000s\000.\000f\000r\000o\000m\000\137\000L\000X\000C\000a\000t}{subsection.5.1.2}% 74
\BOOKMARK [2][-]{subsection.5.1.3}{\376\377\000C\000r\000o\000s\000s\000\040\000S\000e\000c\000t\000i\000o\000n\000s}{section.5.1}% 75
\BOOKMARK [3][-]{subsubsection*.88}{\376\377\000p\000y\000t\000b\000.\000C\000r\000o\000s\000s\000S\000e\000c\000t\000i\000o\000n\000s}{subsection.5.1.3}% 76
\BOOKMARK [4][-]{paragraph*.90}{\376\377\000p\000y\000t\000b\000.\000C\000r\000o\000s\000s\000S\000e\000c\000t\000i\000o\000n\000s\000.\000a\000d\000d\000\137\000d\000i\000f\000f\000e\000r\000e\000n\000t\000i\000a\000l\000\137\000m\000o\000d\000e\000l}{subsubsection*.88}% 77
\BOOKMARK [4][-]{paragraph*.92}{\376\377\000p\000y\000t\000b\000.\000C\000r\000o\000s\000s\000S\000e\000c\000t\000i\000o\000n\000s\000.\000a\000d\000d\000\137\000p\000r\000o\000c\000e\000s\000s}{subsubsection*.88}% 78
\BOOKMARK [4][-]{paragraph*.94}{\376\377\000p\000y\000t\000b\000.\000C\000r\000o\000s\000s\000S\000e\000c\000t\000i\000o\000n\000s\000.\000a\000d\000d\000\137\000p\000r\000o\000c\000e\000s\000s\000e\000s}{subsubsection*.88}% 79
\BOOKMARK [4][-]{paragraph*.96}{\376\377\000p\000y\000t\000b\000.\000C\000r\000o\000s\000s\000S\000e\000c\000t\000i\000o\000n\000s\000.\000f\000i\000n\000d\000\137\000i\000n\000f\000i\000l\000e}{subsubsection*.88}% 80
\BOOKMARK [4][-]{paragraph*.98}{\376\377\000p\000y\000t\000b\000.\000C\000r\000o\000s\000s\000S\000e\000c\000t\000i\000o\000n\000s\000.\000f\000r\000o\000m\000\137\000L\000X\000C\000a\000t}{subsubsection*.88}% 81
\BOOKMARK [4][-]{paragraph*.100}{\376\377\000p\000y\000t\000b\000.\000C\000r\000o\000s\000s\000S\000e\000c\000t\000i\000o\000n\000s\000.\000g\000e\000t\000\137\000d\000e\000c\000k}{subsubsection*.88}% 82
\BOOKMARK [4][-]{paragraph*.102}{\376\377\000p\000y\000t\000b\000.\000C\000r\000o\000s\000s\000S\000e\000c\000t\000i\000o\000n\000s\000.\000p\000l\000o\000t\000\137\000c\000s}{subsubsection*.88}% 83
\BOOKMARK [4][-]{paragraph*.104}{\376\377\000p\000y\000t\000b\000.\000C\000r\000o\000s\000s\000S\000e\000c\000t\000i\000o\000n\000s\000.\000r\000e\000a\000d}{subsubsection*.88}% 84
\BOOKMARK [4][-]{paragraph*.106}{\376\377\000p\000y\000t\000b\000.\000C\000r\000o\000s\000s\000S\000e\000c\000t\000i\000o\000n\000s\000.\000s\000e\000t\000\137\000f\000i\000x\000e\000d\000\137\000b\000a\000c\000k\000g\000r\000o\000u\000n\000d}{subsubsection*.88}% 85
\BOOKMARK [4][-]{paragraph*.108}{\376\377\000p\000y\000t\000b\000.\000C\000r\000o\000s\000s\000S\000e\000c\000t\000i\000o\000n\000s\000.\000w\000r\000i\000t\000e}{subsubsection*.88}% 86
\BOOKMARK [3][-]{subsubsection*.110}{\376\377\000p\000y\000t\000b\000.\000P\000r\000o\000c\000e\000s\000s}{subsection.5.1.3}% 87
\BOOKMARK [4][-]{paragraph*.112}{\376\377\000p\000y\000t\000b\000.\000P\000r\000o\000c\000e\000s\000s\000.\000a\000d\000d\000\137\000d\000i\000f\000f\000e\000r\000e\000n\000t\000i\000a\000l\000\137\000p\000a\000r\000a\000m\000e\000t\000e\000r\000s}{subsubsection*.110}% 88
\BOOKMARK [4][-]{paragraph*.114}{\376\377\000p\000y\000t\000b\000.\000P\000r\000o\000c\000e\000s\000s\000.\000a\000u\000t\000o\000\137\000s\000a\000m\000p\000l\000e}{subsubsection*.110}% 89
\BOOKMARK [4][-]{paragraph*.116}{\376\377\000p\000y\000t\000b\000.\000P\000r\000o\000c\000e\000s\000s\000.\000r\000e\000q\000u\000i\000r\000e\000\137\000c\000s}{subsubsection*.110}% 90
\BOOKMARK [4][-]{paragraph*.118}{\376\377\000p\000y\000t\000b\000.\000P\000r\000o\000c\000e\000s\000s\000.\000s\000a\000m\000p\000l\000e\000\137\000c\000s}{subsubsection*.110}% 91
\BOOKMARK [4][-]{paragraph*.120}{\376\377\000p\000y\000t\000b\000.\000P\000r\000o\000c\000e\000s\000s\000.\000t\000o\000\137\000c\000s\000\137\000f\000r\000a\000m\000e}{subsubsection*.110}% 92
\BOOKMARK [4][-]{paragraph*.122}{\376\377\000p\000y\000t\000b\000.\000P\000r\000o\000c\000e\000s\000s\000.\000t\000o\000\137\000d\000f}{subsubsection*.110}% 93
\BOOKMARK [4][-]{paragraph*.124}{\376\377\000p\000y\000t\000b\000.\000P\000r\000o\000c\000e\000s\000s\000.\000z\000e\000r\000o\000\137\000b\000e\000l\000o\000w\000\137\000t\000h\000r\000e\000s\000h}{subsubsection*.110}% 94
\BOOKMARK [3][-]{subsubsection*.126}{\376\377\000p\000y\000t\000b\000.\000i\000n\000p\000u\000t\000.\000H\000e\000\137\000T\000B}{subsection.5.1.3}% 95
\BOOKMARK [3][-]{subsubsection*.128}{\376\377\000p\000y\000t\000b\000.\000i\000n\000p\000u\000t\000.\000c\000o\000n\000v\000e\000r\000t}{subsection.5.1.3}% 96
\BOOKMARK [2][-]{subsection.5.1.4}{\376\377\000P\000a\000r\000a\000l\000l\000e\000l\000\040\000C\000o\000m\000p\000u\000t\000i\000n\000g}{section.5.1}% 97
\BOOKMARK [3][-]{subsubsection*.130}{\376\377\000p\000y\000t\000b\000.\000p\000a\000r\000a\000l\000l\000e\000l\000.\000M\000P\000R\000u\000n\000n\000e\000r}{subsection.5.1.4}% 98
\BOOKMARK [4][-]{paragraph*.132}{\376\377\000p\000y\000t\000b\000.\000p\000a\000r\000a\000l\000l\000e\000l\000.\000M\000P\000R\000u\000n\000n\000e\000r\000.\000g\000e\000t\000\137\000d\000i\000r\000e\000c\000t\000o\000r\000y}{subsubsection*.130}% 99
\BOOKMARK [4][-]{paragraph*.134}{\376\377\000p\000y\000t\000b\000.\000p\000a\000r\000a\000l\000l\000e\000l\000.\000M\000P\000R\000u\000n\000n\000e\000r\000.\000r\000u\000n}{subsubsection*.130}% 100
\BOOKMARK [4][-]{paragraph*.136}{\376\377\000p\000y\000t\000b\000.\000p\000a\000r\000a\000l\000l\000e\000l\000.\000M\000P\000R\000u\000n\000n\000e\000r\000.\000s\000e\000t\000\137}{subsubsection*.130}% 101
\BOOKMARK [4][-]{paragraph*.138}{\376\377\000p\000y\000t\000b\000.\000p\000a\000r\000a\000l\000l\000e\000l\000.\000M\000P\000R\000u\000n\000n\000e\000r\000.\000t\000o\000\137\000p\000i\000c\000k\000l\000e\000a\000b\000l\000e}{subsubsection*.130}% 102
\BOOKMARK [3][-]{subsubsection*.140}{\376\377\000p\000y\000t\000b\000.\000p\000a\000r\000a\000l\000l\000e\000l\000.\000D\000i\000s\000t\000r\000i\000b\000u\000t\000e\000d\000P\000o\000o\000l}{subsection.5.1.4}% 103
\BOOKMARK [4][-]{paragraph*.142}{\376\377\000p\000y\000t\000b\000.\000p\000a\000r\000a\000l\000l\000e\000l\000.\000D\000i\000s\000t\000r\000i\000b\000u\000t\000e\000d\000P\000o\000o\000l\000.\000e\000r\000r\000\137\000c\000a\000l\000l\000b\000a\000c\000k}{subsubsection*.140}% 104
\BOOKMARK [4][-]{paragraph*.144}{\376\377\000p\000y\000t\000b\000.\000p\000a\000r\000a\000l\000l\000e\000l\000.\000D\000i\000s\000t\000r\000i\000b\000u\000t\000e\000d\000P\000o\000o\000l\000.\000s\000u\000b\000m\000i\000t}{subsubsection*.140}% 105
\BOOKMARK [3][-]{subsubsection*.146}{\376\377\000p\000y\000t\000b\000.\000p\000a\000r\000a\000l\000l\000e\000l\000.\000S\000l\000u\000r\000m\000M\000a\000n\000a\000g\000e\000r}{subsection.5.1.4}% 106
\BOOKMARK [4][-]{paragraph*.148}{\376\377\000p\000y\000t\000b\000.\000p\000a\000r\000a\000l\000l\000e\000l\000.\000S\000l\000u\000r\000m\000M\000a\000n\000a\000g\000e\000r\000.\000b\000a\000t\000c\000h\000\137\000s\000c\000r\000i\000p\000t}{subsubsection*.146}% 107
\BOOKMARK [4][-]{paragraph*.150}{\376\377\000p\000y\000t\000b\000.\000p\000a\000r\000a\000l\000l\000e\000l\000.\000S\000l\000u\000r\000m\000M\000a\000n\000a\000g\000e\000r\000.\000h\000a\000s\000\137\000a\000c\000t\000i\000v\000e}{subsubsection*.146}% 108
\BOOKMARK [4][-]{paragraph*.152}{\376\377\000p\000y\000t\000b\000.\000p\000a\000r\000a\000l\000l\000e\000l\000.\000S\000l\000u\000r\000m\000M\000a\000n\000a\000g\000e\000r\000.\000h\000a\000s\000\137\000p\000e\000n\000d\000i\000n\000g}{subsubsection*.146}% 109
\BOOKMARK [4][-]{paragraph*.154}{\376\377\000p\000y\000t\000b\000.\000p\000a\000r\000a\000l\000l\000e\000l\000.\000S\000l\000u\000r\000m\000M\000a\000n\000a\000g\000e\000r\000.\000j\000o\000i\000n}{subsubsection*.146}% 110
\BOOKMARK [4][-]{paragraph*.156}{\376\377\000p\000y\000t\000b\000.\000p\000a\000r\000a\000l\000l\000e\000l\000.\000S\000l\000u\000r\000m\000M\000a\000n\000a\000g\000e\000r\000.\000m\000o\000c\000k\000\137\000r\000u\000n}{subsubsection*.146}% 111
\BOOKMARK [4][-]{paragraph*.158}{\376\377\000p\000y\000t\000b\000.\000p\000a\000r\000a\000l\000l\000e\000l\000.\000S\000l\000u\000r\000m\000M\000a\000n\000a\000g\000e\000r\000.\000p\000r\000o\000c\000e\000s\000s\000\137\000b\000a\000t\000c\000h\000\137\000s\000c\000r\000i\000p\000t}{subsubsection*.146}% 112
\BOOKMARK [4][-]{paragraph*.160}{\376\377\000p\000y\000t\000b\000.\000p\000a\000r\000a\000l\000l\000e\000l\000.\000S\000l\000u\000r\000m\000M\000a\000n\000a\000g\000e\000r\000.\000s\000b\000a\000t\000c\000h}{subsubsection*.146}% 113
\BOOKMARK [4][-]{paragraph*.162}{\376\377\000p\000y\000t\000b\000.\000p\000a\000r\000a\000l\000l\000e\000l\000.\000S\000l\000u\000r\000m\000M\000a\000n\000a\000g\000e\000r\000.\000s\000e\000t\000\137}{subsubsection*.146}% 114
\BOOKMARK [4][-]{paragraph*.164}{\376\377\000p\000y\000t\000b\000.\000p\000a\000r\000a\000l\000l\000e\000l\000.\000S\000l\000u\000r\000m\000M\000a\000n\000a\000g\000e\000r\000.\000s\000u\000b\000m\000i\000t}{subsubsection*.146}% 115
\BOOKMARK [4][-]{paragraph*.166}{\376\377\000p\000y\000t\000b\000.\000p\000a\000r\000a\000l\000l\000e\000l\000.\000S\000l\000u\000r\000m\000M\000a\000n\000a\000g\000e\000r\000.\000w\000r\000i\000t\000e\000\137\000s\000l\000u\000r\000m\000\137\000s\000c\000r\000i\000p\000t}{subsubsection*.146}% 116
\BOOKMARK [0][-]{section*.168}{\376\377\000I\000n\000d\000e\000x}{}% 117
