\BOOKMARK [0][-]{chapter.1}{\376\377\000I\000n\000s\000t\000a\000l\000l\000a\000t\000i\000o\000n}{}% 1
\BOOKMARK [0][-]{chapter.2}{\376\377\000C\000o\000m\000p\000i\000l\000a\000t\000i\000o\000n}{}% 2
\BOOKMARK [0][-]{chapter.3}{\376\377\000S\000i\000m\000u\000l\000a\000t\000i\000o\000n\000\040\000P\000a\000r\000a\000m\000e\000t\000e\000r\000s}{}% 3
\BOOKMARK [1][-]{section.3.1}{\376\377\000I\000n\000p\000u\000t\000\040\000P\000a\000r\000a\000m\000e\000t\000e\000r\000s}{chapter.3}% 4
\BOOKMARK [1][-]{section.3.2}{\376\377\000O\000u\000t\000p\000u\000t\000\040\000P\000a\000r\000a\000m\000e\000t\000e\000r\000s}{chapter.3}% 5
\BOOKMARK [2][-]{subsection.3.2.1}{\376\377\000B\000a\000n\000n\000e\000r\000\040\000O\000u\000t\000p\000u\000t}{section.3.2}% 6
\BOOKMARK [2][-]{subsection.3.2.2}{\376\377\000P\000a\000r\000t\000i\000c\000l\000e\000\040\000P\000a\000r\000a\000m\000e\000t\000e\000r\000s}{section.3.2}% 7
\BOOKMARK [0][-]{chapter.4}{\376\377\000E\000l\000e\000c\000t\000r\000o\000n\000\040\000G\000r\000o\000w\000t\000h\000\040\000a\000n\000d\000\040\000M\000e\000m\000o\000r\000y\000\040\000M\000a\000n\000a\000g\000e\000m\000e\000n\000t}{}% 8
\BOOKMARK [0][-]{chapter.5}{\376\377\000I\000n\000p\000u\000t\000\040\000C\000r\000o\000s\000s\000\040\000S\000e\000c\000t\000i\000o\000n\000\040\000F\000o\000r\000m\000a\000t}{}% 9
\BOOKMARK [1][-]{section.5.1}{\376\377\000I\000n\000d\000e\000c\000k\000\040\000F\000o\000r\000m\000a\000t}{chapter.5}% 10
\BOOKMARK [1][-]{section.5.2}{\376\377\000C\000r\000o\000s\000s\000\040\000S\000e\000c\000t\000i\000o\000n\000\040\000a\000n\000d\000\040\000C\000o\000l\000l\000i\000s\000i\000o\000n\000\040\000M\000o\000d\000e\000l\000\040\000F\000o\000r\000m\000a\000t}{chapter.5}% 11
\BOOKMARK [2][-]{subsection.5.2.1}{\376\377\000[\000d\000a\000t\000a\000]\000\040\000:\000\040\000T\000h\000e\000\040\000c\000r\000o\000s\000s\000\040\000s\000e\000c\000t\000i\000o\000n\000\040\000d\000a\000t\000a\000\040\000f\000i\000l\000e}{section.5.2}% 12
\BOOKMARK [2][-]{subsection.5.2.2}{\376\377\000[\000r\000e\000a\000c\000t\000a\000n\000t\000\040\0001\000]\000\040\000a\000n\000d\000\040\000[\000r\000e\000a\000c\000t\000a\000n\000t\000\040\0002\000]\000\040\000:\000\040\000C\000o\000l\000l\000i\000d\000i\000n\000g\000\040\000P\000a\000r\000t\000i\000c\000l\000e\000\040\000P\000a\000i\000r\000s\000/\000R\000e\000a\000c\000t\000a\000n\000t\000s\000\040}{section.5.2}% 13
\BOOKMARK [2][-]{subsection.5.2.3}{\376\377\000[\000p\000r\000o\000d\000u\000c\000t\000\040\0001\000]\000\040\000a\000n\000d\000\040\000[\000p\000r\000o\000d\000u\000c\000t\000\040\0002\000]\000\040\000:\000\040\000R\000e\000a\000c\000t\000i\000o\000n\000\040\000P\000r\000o\000d\000u\000c\000t\000s\000\040}{section.5.2}% 14
\BOOKMARK [2][-]{subsection.5.2.4}{\376\377\000[\000e\000n\000e\000r\000g\000y\000]\000:\000\040\000T\000h\000r\000e\000s\000h\000o\000l\000d\000/\000E\000x\000o\000t\000h\000e\000r\000m\000i\000c\000\040\000E\000n\000e\000r\000g\000y\000\040}{section.5.2}% 15
\BOOKMARK [2][-]{subsection.5.2.5}{\376\377\000[\000m\000o\000d\000e\000l\000]\000:\000\040\000C\000o\000l\000l\000i\000s\000i\000o\000n\000\040\000M\000o\000d\000e\000l\000\040}{section.5.2}% 16
\BOOKMARK [0][-]{chapter.6}{\376\377\000D\000e\000s\000c\000r\000i\000p\000t\000i\000o\000n\000\040\000o\000f\000\040\000A\000v\000a\000i\000l\000a\000b\000l\000e\000\040\000C\000o\000l\000l\000i\000s\000i\000o\000n\000\040\000M\000o\000d\000e\000l\000s}{}% 17
\BOOKMARK [1][-]{section.6.1}{\376\377\000I\000s\000o\000t\000r\000o\000p\000i\000c\000\040\000E\000l\000a\000s\000t\000i\000c\000\040\000C\000o\000l\000l\000i\000s\000i\000o\000n\000s}{chapter.6}% 18
\BOOKMARK [1][-]{section.6.2}{\376\377\000A\000n\000i\000s\000o\000t\000r\000o\000p\000i\000c\000\040\000E\000l\000a\000s\000t\000i\000c\000\040\000C\000o\000l\000l\000i\000s\000i\000o\000n\000s}{chapter.6}% 19
\BOOKMARK [1][-]{section.6.3}{\376\377\000N\000o\000n\000-\000R\000e\000a\000c\000t\000i\000v\000e\000\040\000C\000o\000l\000l\000i\000s\000i\000o\000n\000s}{chapter.6}% 20
\BOOKMARK [1][-]{section.6.4}{\376\377\000F\000i\000x\000e\000d\000\040\000H\000e\000a\000v\000y\000\040\000P\000a\000r\000t\000i\000c\000l\000e\000\040\000C\000o\000l\000l\000i\000s\000i\000o\000n\000s}{chapter.6}% 21
\BOOKMARK [1][-]{section.6.5}{\376\377\000I\000s\000o\000t\000r\000o\000p\000i\000c\000\040\000I\000n\000e\000l\000a\000s\000t\000i\000c\000\040\000C\000o\000l\000l\000i\000s\000i\000o\000n\000s}{chapter.6}% 22
\BOOKMARK [1][-]{section.6.6}{\376\377\000E\000l\000e\000c\000t\000r\000o\000n\000\040\000I\000m\000p\000a\000c\000t\000\040\000I\000o\000n\000i\000z\000a\000t\000i\000o\000n}{chapter.6}% 23
